<?xml version="1.0" encoding="UTF-8"?>
<!-- Generated by org.testng.reporters.JUnitReportReporter -->
<testsuite hostname="Vivobook-14" failures="0" tests="1" name="com.NaukriCVUpdater" time="36.317" errors="0" timestamp="15 Aug 2021 09:14:01 GMT" skipped="0">
  <testcase classname="com.NaukriCVUpdater" name="updateCV" time="36.317"/>
</testsuite> <!-- com.NaukriCVUpdater -->
